0 info it worked if it ends with ok
1 verbose cli [ '/usr/local/bin/node', '/usr/local/bin/npm', 'run', 'test-int' ]
2 info using npm@3.10.3
3 info using node@v6.4.0
4 verbose run-script [ 'pretest-int', 'test-int', 'posttest-int' ]
5 info lifecycle cebes@1.0.0~pretest-int: cebes@1.0.0
6 silly lifecycle cebes@1.0.0~pretest-int: no script for pretest-int, continuing
7 info lifecycle cebes@1.0.0~test-int: cebes@1.0.0
8 verbose lifecycle cebes@1.0.0~test-int: unsafe-perm in lifecycle true
9 verbose lifecycle cebes@1.0.0~test-int: PATH: /usr/local/lib/node_modules/npm/bin/node-gyp-bin:/Users/porter/sandbox/Cebes/node_modules/.bin:/usr/local/bin:/Users/porter/.rbenv/shims:/usr/local/heroku/bin:/Users/porter/.rvm/gems/ruby-2.3.0/bin:/Users/porter/.rvm/gems/ruby-2.3.0@global/bin:/Users/porter/.rvm/rubies/ruby-2.3.0/bin:/Users/porter/android-sdks/tools:/Library/Frameworks/Python.framework/Versions/3.4/bin:/usr/local/apache-maven/apache-maven-3.1.1/bin:/usr/bin:/bin:/usr/sbin:/sbin:/usr/local/bin:/opt/X11/bin:/usr/local/mysql/bin:/usr/local/bin:/usr/bin:/bin:/usr/sbin:/sbin:/usr/local/bin:/opt/X11/bin:/Users/porter/android-sdks/platform-tools:/usr/local/Cellar/td-agent/1.1.17/bin:/Applications/Postgres.app/Contents/Versions/9.4/bin:/Users/porter/bin:/Users/porter/bin/scala/bin:/Users/porter/.rvm/bin
10 verbose lifecycle cebes@1.0.0~test-int: CWD: /Users/porter/sandbox/Cebes
11 silly lifecycle cebes@1.0.0~test-int: Args: [ '-c',
11 silly lifecycle   'NODE_ENV=test mocha ./test/*/ --grep integration --timeout 10000' ]
12 silly lifecycle cebes@1.0.0~test-int: Returned: code: 3  signal: null
13 info lifecycle cebes@1.0.0~test-int: Failed to exec test-int script
14 verbose stack Error: cebes@1.0.0 test-int: `NODE_ENV=test mocha ./test/*/ --grep integration --timeout 10000`
14 verbose stack Exit status 3
14 verbose stack     at EventEmitter.<anonymous> (/usr/local/lib/node_modules/npm/lib/utils/lifecycle.js:242:16)
14 verbose stack     at emitTwo (events.js:106:13)
14 verbose stack     at EventEmitter.emit (events.js:191:7)
14 verbose stack     at ChildProcess.<anonymous> (/usr/local/lib/node_modules/npm/lib/utils/spawn.js:40:14)
14 verbose stack     at emitTwo (events.js:106:13)
14 verbose stack     at ChildProcess.emit (events.js:191:7)
14 verbose stack     at maybeClose (internal/child_process.js:852:16)
14 verbose stack     at Process.ChildProcess._handle.onexit (internal/child_process.js:215:5)
15 verbose pkgid cebes@1.0.0
16 verbose cwd /Users/porter/sandbox/Cebes
17 error Darwin 13.4.0
18 error argv "/usr/local/bin/node" "/usr/local/bin/npm" "run" "test-int"
19 error node v6.4.0
20 error npm  v3.10.3
21 error code ELIFECYCLE
22 error cebes@1.0.0 test-int: `NODE_ENV=test mocha ./test/*/ --grep integration --timeout 10000`
22 error Exit status 3
23 error Failed at the cebes@1.0.0 test-int script 'NODE_ENV=test mocha ./test/*/ --grep integration --timeout 10000'.
23 error Make sure you have the latest version of node.js and npm installed.
23 error If you do, this is most likely a problem with the cebes package,
23 error not with npm itself.
23 error Tell the author that this fails on your system:
23 error     NODE_ENV=test mocha ./test/*/ --grep integration --timeout 10000
23 error You can get information on how to open an issue for this project with:
23 error     npm bugs cebes
23 error Or if that isn't available, you can get their info via:
23 error     npm owner ls cebes
23 error There is likely additional logging output above.
24 verbose exit [ 1, true ]
